<?xml version="1.0" encoding="UTF-8"?>
<testsuite name="AlgorithmsTest" tests="1" skipped="0" failures="0" errors="0" timestamp="2022-10-13T13:22:33" hostname="DESKTOP-1POBRQ3" time="0.012">
  <properties/>
  <testcase name="Checking for small numbers" classname="AlgorithmsTest" time="0.012"/>
  <system-out><![CDATA[]]></system-out>
  <system-err><![CDATA[]]></system-err>
</testsuite>
